<acceptance-test-run title="Member list opening" name="Member list opening" steps="8" successful="3" failures="0" errors="1" skipped="4" ignored="0" pending="0" result="ERROR" duration="15770">
  <user-story id="memberList" name="Member list" path="stories/portal/memberList.story"/>
  <tags>
    <tag name="Member list" type="story"/>
    <tag name="Portal" type="capability"/>
  </tags>
  <test-step result="SUCCESS" duration="7723">
    <screenshots>
      <screenshot image="screenshot-acb46712d93bd75cf4ad824fc7c1a97680cc90d43b799c3e6081a8c87cc3f8561.png"/>
    </screenshots>
    <description>Given I open Portal page</description>
  </test-step>
  <test-step result="SUCCESS" duration="1913">
    <screenshots>
      <screenshot image="screenshot-c86c9cabbfcd03f9bc8f1f6b1abfe25a7f0365be9db6503004a1c839c9669ac82.png"/>
      <screenshot image="screenshot-c86c9cabbfcd03f9bc8f1f6b1abfe25a7f0365be9db6503004a1c839c9669ac83.png"/>
    </screenshots>
    <description>And I click &apos;Members&apos; in the main menu</description>
  </test-step>
  <test-step result="SUCCESS" duration="592">
    <screenshots>
      <screenshot image="screenshot-b086a3be2a2b39bc69bfe963fd2da0c580289e4601e13e2dcbfccfff4489395b4.png"/>
    </screenshots>
    <description>Then Member list is shown</description>
  </test-step>
  <test-step result="ERROR" duration="4821">
    <screenshots>
      <screenshot image="screenshot-463b9721fd8a046ab677a6454b305cdfb96e2a3988ea005c037400875d43bfad7.png"/>
    </screenshots>
    <description>Given I click Members &gt; Models in the main menu</description>
    <error>net.thucydides.core.webdriver.WebDriverFacade.getKeyboard()Lorg/openqa/selenium/interactions/Keyboard;</error>
    <exception>net.thucydides.core.steps.StepFailureException: net.thucydides.core.webdriver.WebDriverFacade.getKeyboard()Lorg/openqa/selenium/interactions/Keyboard;
	at net.thucydides.core.steps.BaseStepListener.recordFailureDetailsInFailingTestStep(BaseStepListener.java:481)
	at net.thucydides.core.steps.BaseStepListener.stepFailed(BaseStepListener.java:469)
	at net.thucydides.core.steps.StepEventBus.stepFailed(StepEventBus.java:291)
	at net.thucydides.jbehave.ThucydidesReporter.failed(ThucydidesReporter.java:543)
	at org.jbehave.core.reporters.DelegatingStoryReporter.failed(DelegatingStoryReporter.java:97)
	at org.jbehave.core.reporters.ConcurrentStoryReporter.failed(ConcurrentStoryReporter.java:260)
	at org.jbehave.core.steps.AbstractStepResult$Failed.describeTo(AbstractStepResult.java:57)
	at org.jbehave.core.embedder.StoryRunner$FineSoFar.run(StoryRunner.java:500)
	at org.jbehave.core.embedder.StoryRunner.runStepsWhileKeepingState(StoryRunner.java:479)
	at org.jbehave.core.embedder.StoryRunner.runScenarioSteps(StoryRunner.java:443)
	at org.jbehave.core.embedder.StoryRunner.runCancellable(StoryRunner.java:305)
	at org.jbehave.core.embedder.StoryRunner.run(StoryRunner.java:219)
	at org.jbehave.core.embedder.StoryRunner.run(StoryRunner.java:180)
	at org.jbehave.core.embedder.StoryManager$EnqueuedStory.call(StoryManager.java:229)
	at org.jbehave.core.embedder.StoryManager$EnqueuedStory.call(StoryManager.java:201)
	at java.util.concurrent.FutureTask$Sync.innerRun(FutureTask.java:334)
	at java.util.concurrent.FutureTask.run(FutureTask.java:166)
	at java.util.concurrent.ThreadPoolExecutor.runWorker(ThreadPoolExecutor.java:1110)
	at java.util.concurrent.ThreadPoolExecutor$Worker.run(ThreadPoolExecutor.java:603)
	at java.lang.Thread.run(Thread.java:722)
Caused by: java.lang.AbstractMethodError: net.thucydides.core.webdriver.WebDriverFacade.getKeyboard()Lorg/openqa/selenium/interactions/Keyboard;
	at org.openqa.selenium.interactions.Actions.&lt;init&gt;(Actions.java:41)
	at kwaqua.core.mainMenu.MainSubMenuItem.click(MainSubMenuItem.java:33)
	at kwaqua.core.mainMenu.MainMenu.click(MainMenu.java:79)
	at kwaqua.KwaquaStory.clickMainMenu(KwaquaStory.java:51)
	at kwaqua.stories.portal.MemberList.clickMainMenuSubMenu(MemberList.java:31)
	at sun.reflect.NativeMethodAccessorImpl.invoke0(Native Method)
	at sun.reflect.NativeMethodAccessorImpl.invoke(NativeMethodAccessorImpl.java:57)
	at sun.reflect.DelegatingMethodAccessorImpl.invoke(DelegatingMethodAccessorImpl.java:43)
	at java.lang.reflect.Method.invoke(Method.java:601)
	at org.jbehave.core.steps.StepCreator$ParameterisedStep.perform(StepCreator.java:550)
	at org.jbehave.core.embedder.StoryRunner$FineSoFar.run(StoryRunner.java:499)
	... 12 more
</exception>
  </test-step>
  <test-step result="SKIPPED" duration="306">
    <screenshots>
      <screenshot image="screenshot-b086a3be2a2b39bc69bfe963fd2da0c580289e4601e13e2dcbfccfff4489395b8.png"/>
    </screenshots>
    <description>Then Member list is shown</description>
  </test-step>
  <test-step result="SKIPPED" duration="288">
    <screenshots>
      <screenshot image="screenshot-b086a3be2a2b39bc69bfe963fd2da0c580289e4601e13e2dcbfccfff4489395b9.png"/>
    </screenshots>
    <description>Then Member list is shown</description>
  </test-step>
  <test-step result="SKIPPED" duration="84">
    <description>Close browser</description>
  </test-step>
  <test-step result="SKIPPED" duration="1">
    <description>Close browser</description>
  </test-step>
</acceptance-test-run>